<?xml version="1.0" encoding="UTF-8"?>
<testng-results ignored="0" total="8" passed="8" failed="0" skipped="0">
  <reporter-output>
  </reporter-output>
  <suite started-at="2022-05-31T02:57:47 IST" name="suite" finished-at="2022-05-31T02:59:21 IST" duration-ms="93973">
    <groups>
    </groups>
    <test started-at="2022-05-31T02:57:47 IST" name="ChromeTest" finished-at="2022-05-31T02:58:34 IST" duration-ms="46652">
      <class name="AmazonTestNGpackage.AmazonTestNgClass">
        <test-method is-config="true" signature="launchbrowser(java.lang.String)[pri:0, instance:AmazonTestNGpackage.AmazonTestNgClass@41fbdac4]" started-at="2022-05-31T02:57:47 IST" name="launchbrowser" finished-at="2022-05-31T02:57:48 IST" duration-ms="1239" status="PASS">
          <params>
            <param index="0">
              <value>
                <![CDATA[Chrome]]>
              </value>
            </param>
          </params>
          <reporter-output>
          </reporter-output>
        </test-method> <!-- launchbrowser -->
        <test-method is-config="true" signature="createPOMobject()[pri:0, instance:AmazonTestNGpackage.AmazonTestNgClass@41fbdac4]" started-at="2022-05-31T02:57:48 IST" name="createPOMobject" finished-at="2022-05-31T02:57:48 IST" duration-ms="24" status="PASS">
          <reporter-output>
          </reporter-output>
        </test-method> <!-- createPOMobject -->
        <test-method is-config="true" signature="LoginToApplication()[pri:0, instance:AmazonTestNGpackage.AmazonTestNgClass@41fbdac4]" started-at="2022-05-31T02:57:48 IST" name="LoginToApplication" finished-at="2022-05-31T02:57:53 IST" duration-ms="4809" status="PASS">
          <reporter-output>
          </reporter-output>
        </test-method> <!-- LoginToApplication -->
        <test-method signature="VerifyGiftcardTab()[pri:1, instance:AmazonTestNGpackage.AmazonTestNgClass@41fbdac4]" started-at="2022-05-31T02:57:53 IST" name="VerifyGiftcardTab" finished-at="2022-05-31T02:58:00 IST" duration-ms="6585" status="PASS">
          <reporter-output>
          </reporter-output>
        </test-method> <!-- VerifyGiftcardTab -->
        <test-method is-config="true" signature="LogoutFromAppliaction(org.testng.ITestResult)[pri:0, instance:AmazonTestNGpackage.AmazonTestNgClass@41fbdac4]" started-at="2022-05-31T02:58:00 IST" name="LogoutFromAppliaction" finished-at="2022-05-31T02:58:11 IST" duration-ms="11758" status="PASS">
          <params>
            <param index="0">
              <value>
                <![CDATA[[TestResult name=VerifyGiftcardTab status=SUCCESS method=AmazonTestNgClass.VerifyGiftcardTab()[pri:1, instance:AmazonTestNGpackage.AmazonTestNgClass@41fbdac4] output={null}]]]>
              </value>
            </param>
          </params>
          <reporter-output>
          </reporter-output>
        </test-method> <!-- LogoutFromAppliaction -->
        <test-method is-config="true" signature="LoginToApplication()[pri:0, instance:AmazonTestNGpackage.AmazonTestNgClass@41fbdac4]" started-at="2022-05-31T02:58:11 IST" name="LoginToApplication" finished-at="2022-05-31T02:58:15 IST" duration-ms="3471" status="PASS">
          <reporter-output>
          </reporter-output>
        </test-method> <!-- LoginToApplication -->
        <test-method signature="VerifyAmazonPayTab()[pri:2, instance:AmazonTestNGpackage.AmazonTestNgClass@41fbdac4]" started-at="2022-05-31T02:58:15 IST" name="VerifyAmazonPayTab" finished-at="2022-05-31T02:58:18 IST" duration-ms="3019" status="PASS">
          <reporter-output>
          </reporter-output>
        </test-method> <!-- VerifyAmazonPayTab -->
        <test-method is-config="true" signature="LogoutFromAppliaction(org.testng.ITestResult)[pri:0, instance:AmazonTestNGpackage.AmazonTestNgClass@41fbdac4]" started-at="2022-05-31T02:58:18 IST" name="LogoutFromAppliaction" finished-at="2022-05-31T02:58:29 IST" duration-ms="11480" status="PASS">
          <params>
            <param index="0">
              <value>
                <![CDATA[[TestResult name=VerifyAmazonPayTab status=SUCCESS method=AmazonTestNgClass.VerifyAmazonPayTab()[pri:2, instance:AmazonTestNGpackage.AmazonTestNgClass@41fbdac4] output={null}]]]>
              </value>
            </param>
          </params>
          <reporter-output>
          </reporter-output>
        </test-method> <!-- LogoutFromAppliaction -->
        <test-method is-config="true" signature="clearObject()[pri:0, instance:AmazonTestNGpackage.AmazonTestNgClass@41fbdac4]" started-at="2022-05-31T02:58:29 IST" name="clearObject" finished-at="2022-05-31T02:58:29 IST" duration-ms="1" status="PASS">
          <reporter-output>
          </reporter-output>
        </test-method> <!-- clearObject -->
        <test-method is-config="true" signature="closedBrowser()[pri:0, instance:AmazonTestNGpackage.AmazonTestNgClass@41fbdac4]" started-at="2022-05-31T02:58:29 IST" name="closedBrowser" finished-at="2022-05-31T02:58:34 IST" duration-ms="4241" status="PASS">
          <reporter-output>
          </reporter-output>
        </test-method> <!-- closedBrowser -->
      </class> <!-- AmazonTestNGpackage.AmazonTestNgClass -->
      <class name="AmazonTestNGpackage.AmazonTestNgclasses2">
        <test-method is-config="true" signature="beforeTest()[pri:0, instance:AmazonTestNGpackage.AmazonTestNgclasses2@31c88ec8]" started-at="2022-05-31T02:57:48 IST" name="beforeTest" finished-at="2022-05-31T02:57:48 IST" duration-ms="1" status="PASS">
          <reporter-output>
          </reporter-output>
        </test-method> <!-- beforeTest -->
        <test-method is-config="true" signature="beforeclass()[pri:0, instance:AmazonTestNGpackage.AmazonTestNgclasses2@31c88ec8]" started-at="2022-05-31T02:57:48 IST" name="beforeclass" finished-at="2022-05-31T02:57:48 IST" duration-ms="0" status="PASS">
          <reporter-output>
          </reporter-output>
        </test-method> <!-- beforeclass -->
        <test-method is-config="true" signature="beforemethod()[pri:0, instance:AmazonTestNGpackage.AmazonTestNgclasses2@31c88ec8]" started-at="2022-05-31T02:57:48 IST" name="beforemethod" finished-at="2022-05-31T02:57:48 IST" duration-ms="1" status="PASS">
          <reporter-output>
          </reporter-output>
        </test-method> <!-- beforemethod -->
        <test-method signature="testA()[pri:0, instance:AmazonTestNGpackage.AmazonTestNgclasses2@31c88ec8]" started-at="2022-05-31T02:57:48 IST" name="testA" finished-at="2022-05-31T02:57:48 IST" duration-ms="8" status="PASS">
          <reporter-output>
          </reporter-output>
        </test-method> <!-- testA -->
        <test-method is-config="true" signature="aftermethod()[pri:0, instance:AmazonTestNGpackage.AmazonTestNgclasses2@31c88ec8]" started-at="2022-05-31T02:57:48 IST" name="aftermethod" finished-at="2022-05-31T02:57:48 IST" duration-ms="1" status="PASS">
          <reporter-output>
          </reporter-output>
        </test-method> <!-- aftermethod -->
        <test-method is-config="true" signature="beforemethod()[pri:0, instance:AmazonTestNGpackage.AmazonTestNgclasses2@31c88ec8]" started-at="2022-05-31T02:57:48 IST" name="beforemethod" finished-at="2022-05-31T02:57:48 IST" duration-ms="1" status="PASS">
          <reporter-output>
          </reporter-output>
        </test-method> <!-- beforemethod -->
        <test-method signature="testB()[pri:0, instance:AmazonTestNGpackage.AmazonTestNgclasses2@31c88ec8]" started-at="2022-05-31T02:57:48 IST" name="testB" finished-at="2022-05-31T02:57:48 IST" duration-ms="1" status="PASS">
          <reporter-output>
          </reporter-output>
        </test-method> <!-- testB -->
        <test-method is-config="true" signature="aftermethod()[pri:0, instance:AmazonTestNGpackage.AmazonTestNgclasses2@31c88ec8]" started-at="2022-05-31T02:57:48 IST" name="aftermethod" finished-at="2022-05-31T02:57:48 IST" duration-ms="0" status="PASS">
          <reporter-output>
          </reporter-output>
        </test-method> <!-- aftermethod -->
        <test-method is-config="true" signature="afterclass()[pri:0, instance:AmazonTestNGpackage.AmazonTestNgclasses2@31c88ec8]" started-at="2022-05-31T02:57:48 IST" name="afterclass" finished-at="2022-05-31T02:57:48 IST" duration-ms="1" status="PASS">
          <reporter-output>
          </reporter-output>
        </test-method> <!-- afterclass -->
        <test-method is-config="true" signature="afterTest()[pri:0, instance:AmazonTestNGpackage.AmazonTestNgclasses2@31c88ec8]" started-at="2022-05-31T02:58:34 IST" name="afterTest" finished-at="2022-05-31T02:58:34 IST" duration-ms="0" status="PASS">
          <reporter-output>
          </reporter-output>
        </test-method> <!-- afterTest -->
      </class> <!-- AmazonTestNGpackage.AmazonTestNgclasses2 -->
    </test> <!-- ChromeTest -->
    <test started-at="2022-05-31T02:58:34 IST" name="FirefoxTest" finished-at="2022-05-31T02:59:21 IST" duration-ms="47288">
      <class name="AmazonTestNGpackage.AmazonTestNgClass">
        <test-method is-config="true" signature="launchbrowser(java.lang.String)[pri:0, instance:AmazonTestNGpackage.AmazonTestNgClass@71809907]" started-at="2022-05-31T02:58:34 IST" name="launchbrowser" finished-at="2022-05-31T02:58:36 IST" duration-ms="2103" status="PASS">
          <params>
            <param index="0">
              <value>
                <![CDATA[Firefox]]>
              </value>
            </param>
          </params>
          <reporter-output>
          </reporter-output>
        </test-method> <!-- launchbrowser -->
        <test-method is-config="true" signature="createPOMobject()[pri:0, instance:AmazonTestNGpackage.AmazonTestNgClass@71809907]" started-at="2022-05-31T02:58:36 IST" name="createPOMobject" finished-at="2022-05-31T02:58:36 IST" duration-ms="2" status="PASS">
          <reporter-output>
          </reporter-output>
        </test-method> <!-- createPOMobject -->
        <test-method is-config="true" signature="LoginToApplication()[pri:0, instance:AmazonTestNGpackage.AmazonTestNgClass@71809907]" started-at="2022-05-31T02:58:36 IST" name="LoginToApplication" finished-at="2022-05-31T02:58:42 IST" duration-ms="6624" status="PASS">
          <reporter-output>
          </reporter-output>
        </test-method> <!-- LoginToApplication -->
        <test-method signature="VerifyGiftcardTab()[pri:1, instance:AmazonTestNGpackage.AmazonTestNgClass@71809907]" started-at="2022-05-31T02:58:42 IST" name="VerifyGiftcardTab" finished-at="2022-05-31T02:58:49 IST" duration-ms="6627" status="PASS">
          <reporter-output>
          </reporter-output>
        </test-method> <!-- VerifyGiftcardTab -->
        <test-method is-config="true" signature="LogoutFromAppliaction(org.testng.ITestResult)[pri:0, instance:AmazonTestNGpackage.AmazonTestNgClass@71809907]" started-at="2022-05-31T02:58:49 IST" name="LogoutFromAppliaction" finished-at="2022-05-31T02:59:01 IST" duration-ms="11457" status="PASS">
          <params>
            <param index="0">
              <value>
                <![CDATA[[TestResult name=VerifyGiftcardTab status=SUCCESS method=AmazonTestNgClass.VerifyGiftcardTab()[pri:1, instance:AmazonTestNGpackage.AmazonTestNgClass@71809907] output={null}]]]>
              </value>
            </param>
          </params>
          <reporter-output>
          </reporter-output>
        </test-method> <!-- LogoutFromAppliaction -->
        <test-method is-config="true" signature="LoginToApplication()[pri:0, instance:AmazonTestNGpackage.AmazonTestNgClass@71809907]" started-at="2022-05-31T02:59:01 IST" name="LoginToApplication" finished-at="2022-05-31T02:59:05 IST" duration-ms="4790" status="PASS">
          <reporter-output>
          </reporter-output>
        </test-method> <!-- LoginToApplication -->
        <test-method signature="VerifyAmazonPayTab()[pri:2, instance:AmazonTestNGpackage.AmazonTestNgClass@71809907]" started-at="2022-05-31T02:59:05 IST" name="VerifyAmazonPayTab" finished-at="2022-05-31T02:59:08 IST" duration-ms="2702" status="PASS">
          <reporter-output>
          </reporter-output>
        </test-method> <!-- VerifyAmazonPayTab -->
        <test-method is-config="true" signature="LogoutFromAppliaction(org.testng.ITestResult)[pri:0, instance:AmazonTestNGpackage.AmazonTestNgClass@71809907]" started-at="2022-05-31T02:59:08 IST" name="LogoutFromAppliaction" finished-at="2022-05-31T02:59:19 IST" duration-ms="11453" status="PASS">
          <params>
            <param index="0">
              <value>
                <![CDATA[[TestResult name=VerifyAmazonPayTab status=SUCCESS method=AmazonTestNgClass.VerifyAmazonPayTab()[pri:2, instance:AmazonTestNGpackage.AmazonTestNgClass@71809907] output={null}]]]>
              </value>
            </param>
          </params>
          <reporter-output>
          </reporter-output>
        </test-method> <!-- LogoutFromAppliaction -->
        <test-method is-config="true" signature="clearObject()[pri:0, instance:AmazonTestNGpackage.AmazonTestNgClass@71809907]" started-at="2022-05-31T02:59:19 IST" name="clearObject" finished-at="2022-05-31T02:59:19 IST" duration-ms="1" status="PASS">
          <reporter-output>
          </reporter-output>
        </test-method> <!-- clearObject -->
        <test-method is-config="true" signature="closedBrowser()[pri:0, instance:AmazonTestNGpackage.AmazonTestNgClass@71809907]" started-at="2022-05-31T02:59:19 IST" name="closedBrowser" finished-at="2022-05-31T02:59:21 IST" duration-ms="1486" status="PASS">
          <reporter-output>
          </reporter-output>
        </test-method> <!-- closedBrowser -->
      </class> <!-- AmazonTestNGpackage.AmazonTestNgClass -->
      <class name="AmazonTestNGpackage.AmazonTestNgclasses2">
        <test-method is-config="true" signature="beforeSuite()[pri:0, instance:AmazonTestNGpackage.AmazonTestNgclasses2@6e20b53a]" started-at="2022-05-31T02:57:47 IST" name="beforeSuite" finished-at="2022-05-31T02:57:47 IST" duration-ms="6" status="PASS">
          <reporter-output>
          </reporter-output>
        </test-method> <!-- beforeSuite -->
        <test-method is-config="true" signature="beforeTest()[pri:0, instance:AmazonTestNGpackage.AmazonTestNgclasses2@6e20b53a]" started-at="2022-05-31T02:58:36 IST" name="beforeTest" finished-at="2022-05-31T02:58:36 IST" duration-ms="1" status="PASS">
          <reporter-output>
          </reporter-output>
        </test-method> <!-- beforeTest -->
        <test-method is-config="true" signature="beforeclass()[pri:0, instance:AmazonTestNGpackage.AmazonTestNgclasses2@6e20b53a]" started-at="2022-05-31T02:58:36 IST" name="beforeclass" finished-at="2022-05-31T02:58:36 IST" duration-ms="1" status="PASS">
          <reporter-output>
          </reporter-output>
        </test-method> <!-- beforeclass -->
        <test-method is-config="true" signature="beforemethod()[pri:0, instance:AmazonTestNGpackage.AmazonTestNgclasses2@6e20b53a]" started-at="2022-05-31T02:58:36 IST" name="beforemethod" finished-at="2022-05-31T02:58:36 IST" duration-ms="0" status="PASS">
          <reporter-output>
          </reporter-output>
        </test-method> <!-- beforemethod -->
        <test-method signature="testA()[pri:0, instance:AmazonTestNGpackage.AmazonTestNgclasses2@6e20b53a]" started-at="2022-05-31T02:58:36 IST" name="testA" finished-at="2022-05-31T02:58:36 IST" duration-ms="4" status="PASS">
          <reporter-output>
          </reporter-output>
        </test-method> <!-- testA -->
        <test-method is-config="true" signature="aftermethod()[pri:0, instance:AmazonTestNGpackage.AmazonTestNgclasses2@6e20b53a]" started-at="2022-05-31T02:58:36 IST" name="aftermethod" finished-at="2022-05-31T02:58:36 IST" duration-ms="0" status="PASS">
          <reporter-output>
          </reporter-output>
        </test-method> <!-- aftermethod -->
        <test-method is-config="true" signature="beforemethod()[pri:0, instance:AmazonTestNGpackage.AmazonTestNgclasses2@6e20b53a]" started-at="2022-05-31T02:58:36 IST" name="beforemethod" finished-at="2022-05-31T02:58:36 IST" duration-ms="1" status="PASS">
          <reporter-output>
          </reporter-output>
        </test-method> <!-- beforemethod -->
        <test-method signature="testB()[pri:0, instance:AmazonTestNGpackage.AmazonTestNgclasses2@6e20b53a]" started-at="2022-05-31T02:58:36 IST" name="testB" finished-at="2022-05-31T02:58:36 IST" duration-ms="0" status="PASS">
          <reporter-output>
          </reporter-output>
        </test-method> <!-- testB -->
        <test-method is-config="true" signature="aftermethod()[pri:0, instance:AmazonTestNGpackage.AmazonTestNgclasses2@6e20b53a]" started-at="2022-05-31T02:58:36 IST" name="aftermethod" finished-at="2022-05-31T02:58:36 IST" duration-ms="1" status="PASS">
          <reporter-output>
          </reporter-output>
        </test-method> <!-- aftermethod -->
        <test-method is-config="true" signature="afterclass()[pri:0, instance:AmazonTestNGpackage.AmazonTestNgclasses2@6e20b53a]" started-at="2022-05-31T02:58:36 IST" name="afterclass" finished-at="2022-05-31T02:58:36 IST" duration-ms="0" status="PASS">
          <reporter-output>
          </reporter-output>
        </test-method> <!-- afterclass -->
        <test-method is-config="true" signature="afterTest()[pri:0, instance:AmazonTestNGpackage.AmazonTestNgclasses2@6e20b53a]" started-at="2022-05-31T02:59:21 IST" name="afterTest" finished-at="2022-05-31T02:59:21 IST" duration-ms="1" status="PASS">
          <reporter-output>
          </reporter-output>
        </test-method> <!-- afterTest -->
        <test-method is-config="true" signature="afterSuite()[pri:0, instance:AmazonTestNGpackage.AmazonTestNgclasses2@6e20b53a]" started-at="2022-05-31T02:59:21 IST" name="afterSuite" finished-at="2022-05-31T02:59:21 IST" duration-ms="0" status="PASS">
          <reporter-output>
          </reporter-output>
        </test-method> <!-- afterSuite -->
      </class> <!-- AmazonTestNGpackage.AmazonTestNgclasses2 -->
    </test> <!-- FirefoxTest -->
  </suite> <!-- suite -->
</testng-results>
