<?xml version="1.0" encoding="UTF-8"?>
<!-- Generated by org.testng.reporters.JUnitXMLReporter -->
<testsuite ignored="0" hostname="LAPTOP-SDOF6S7J" failures="0" tests="4" name="FirefoxTest" time="47.288" errors="0" timestamp="2022-05-31T02:59:21 IST">
  <testcase classname="AmazonTestNGpackage.AmazonTestNgclasses2" name="testA" time="0.004"/>
  <testcase classname="AmazonTestNGpackage.AmazonTestNgclasses2" name="testB" time="0.0"/>
  <testcase classname="AmazonTestNGpackage.AmazonTestNgClass" name="VerifyGiftcardTab" time="6.627"/>
  <testcase classname="AmazonTestNGpackage.AmazonTestNgClass" name="VerifyAmazonPayTab" time="2.702"/>
</testsuite> <!-- FirefoxTest -->
