<?xml version="1.0" encoding="UTF-8"?>
<!-- Generated by org.testng.reporters.JUnitXMLReporter -->
<testsuite ignored="0" hostname="LAPTOP-SDOF6S7J" failures="0" tests="4" name="Test" time="45.964" errors="0" timestamp="2022-05-24T15:53:35 IST">
  <testcase classname="AmazonTestNGpackage.AmazonTestNgclasses2" name="testA" time="0.004"/>
  <testcase classname="AmazonTestNGpackage.AmazonTestNgclasses2" name="testB" time="0.001"/>
  <testcase classname="AmazonTestNGpackage.AmazonTestNgClass" name="VerifyGiftcardTab" time="6.331"/>
  <testcase classname="AmazonTestNGpackage.AmazonTestNgClass" name="VerifyAmazonPayTab" time="3.031"/>
</testsuite> <!-- Test -->
